<?xml version="1.0" encoding="UTF-8"?><testsuite failures="1" name="cucumber.runtime.formatter.JUnitFormatter" skipped="0" tests="1" time="83.772125">
<testcase classname="Qcash Application : Loan Application Flow Sanity Validation" name="Validate the Loan application flow for the CU" time="83.772125">
<failure message="java.lang.AssertionError: Manage Fi Configuration page is not displayed expected [true] but found [false]&#13;&#10;&#9;at org.testng.Assert.fail(Assert.java:99)&#13;&#10;&#9;at org.testng.Assert.failNotEquals(Assert.java:1037)&#13;&#10;&#9;at org.testng.Assert.assertTrue(Assert.java:45)&#13;&#10;&#9;at com.qcash.HealthCheck.ManageFIConfig.maintenanceInactive(ManageFIConfig.java:150)&#13;&#10;&#9;at StepDefinitions.SanitySuite_StepDefinition.Set_the_maintenance_to_active_or_inactive_and_save_the_page(SanitySuite_StepDefinition.java:91)&#13;&#10;&#9;at ✽.Set the maintenance to active or inactive and save the page(src/test/java/Features/SanitySuite.feature:13)&#13;&#10;"><![CDATA[Given Launch the FI "4Fornt" site "https://testadmin.q-cash.com/4frontcu/login" urls.passed
Given Enter the valid user credentials "<username>" and "<password>" to access the application.passed
Then From the application dashboard page select the manage fi configuration menu link.passed
When Click on the loan application menu link................................passed
And Set the maintenance to active or inactive and save the page.............failed
Then Nagivate back to the application dashboard page and select the QA Test suite page.skipped
Then Click on the web test primary and secondary and verify the manintenance page.skipped

StackTrace:
java.lang.AssertionError: Manage Fi Configuration page is not displayed expected [true] but found [false]
	at org.testng.Assert.fail(Assert.java:99)
	at org.testng.Assert.failNotEquals(Assert.java:1037)
	at org.testng.Assert.assertTrue(Assert.java:45)
	at com.qcash.HealthCheck.ManageFIConfig.maintenanceInactive(ManageFIConfig.java:150)
	at StepDefinitions.SanitySuite_StepDefinition.Set_the_maintenance_to_active_or_inactive_and_save_the_page(SanitySuite_StepDefinition.java:91)
	at ✽.Set the maintenance to active or inactive and save the page(src/test/java/Features/SanitySuite.feature:13)
]]></failure>
</testcase>
</testsuite>
